0 info it worked if it ends with ok
1 verbose cli [ 'C:\\Program Files (x86)\\nodejs\\node.exe',
1 verbose cli   'C:\\Program Files (x86)\\nodejs\\node_modules\\npm\\bin\\npm-cli.js',
1 verbose cli   'version',
1 verbose cli   'patch' ]
2 info using npm@3.3.12
3 info using node@v5.4.1
4 info git [ 'status', '--porcelain' ]
5 verbose stack Error: Git working directory not clean.
5 verbose stack M doc/ast/source/Edge.js.json
5 verbose stack M doc/ast/source/Graph.js.json
5 verbose stack M doc/ast/source/Node.js.json
5 verbose stack M doc/ast/source/earl.js.json
5 verbose stack M doc/badge.svg
5 verbose stack M doc/class/src/BreadthFirstTree.js~BreadthFirstTree.html
5 verbose stack M doc/class/src/Edge.js~Edge.html
5 verbose stack M doc/class/src/Graph.js~Graph.html
5 verbose stack M doc/class/src/Node.js~Node.html
5 verbose stack M doc/class/src/Path.js~Path.html
5 verbose stack M doc/coverage.json
5 verbose stack M doc/dump.json
5 verbose stack M doc/file/src/BreadthFirstTree.js.html
5 verbose stack M doc/file/src/Edge.js.html
5 verbose stack M doc/file/src/Graph.js.html
5 verbose stack M doc/file/src/Node.js.html
5 verbose stack M doc/file/src/Path.js.html
5 verbose stack M doc/file/src/earl.js.html
5 verbose stack M doc/identifiers.html
5 verbose stack M doc/index.html
5 verbose stack M doc/package.json
5 verbose stack M doc/script/search_index.js
5 verbose stack M doc/source.html
5 verbose stack M jspm.config.js
5 verbose stack M package.json
5 verbose stack M src/Edge.js
5 verbose stack M src/Graph.js
5 verbose stack M src/Node.js
5 verbose stack M src/earl.js
5 verbose stack D src/plugins/EdgeHashIndex.js
5 verbose stack D src/plugins/HashIndex.js
5 verbose stack D src/plugins/NodeHashIndex.js
5 verbose stack D src/plugins/plugins.js
5 verbose stack D test/breadthFirstTree.js
5 verbose stack M test/earl.js
5 verbose stack M test/edge.js
5 verbose stack M test/graph.js
5 verbose stack M test/node.js
5 verbose stack M test/path.js
5 verbose stack D test/plugins/edgeHashIndex.js
5 verbose stack D test/plugins/nodeHashIndex.js
5 verbose stack D test/plugins/plugins.js
5 verbose stack M test/test.html
5 verbose stack     at C:\Program Files (x86)\nodejs\node_modules\npm\lib\version.js:172:21
5 verbose stack     at ChildProcess.exithandler (child_process.js:204:7)
5 verbose stack     at emitTwo (events.js:87:13)
5 verbose stack     at ChildProcess.emit (events.js:172:7)
5 verbose stack     at maybeClose (internal/child_process.js:821:16)
5 verbose stack     at Socket.<anonymous> (internal/child_process.js:319:11)
5 verbose stack     at emitOne (events.js:77:13)
5 verbose stack     at Socket.emit (events.js:169:7)
5 verbose stack     at Pipe._onclose (net.js:469:12)
6 verbose cwd c:\Users\larsr\Dropbox\Uni\semester_7\packages\earl
7 error Windows_NT 10.0.10240
8 error argv "C:\\Program Files (x86)\\nodejs\\node.exe" "C:\\Program Files (x86)\\nodejs\\node_modules\\npm\\bin\\npm-cli.js" "version" "patch"
9 error node v5.4.1
10 error npm  v3.3.12
11 error Git working directory not clean.
11 error M doc/ast/source/Edge.js.json
11 error M doc/ast/source/Graph.js.json
11 error M doc/ast/source/Node.js.json
11 error M doc/ast/source/earl.js.json
11 error M doc/badge.svg
11 error M doc/class/src/BreadthFirstTree.js~BreadthFirstTree.html
11 error M doc/class/src/Edge.js~Edge.html
11 error M doc/class/src/Graph.js~Graph.html
11 error M doc/class/src/Node.js~Node.html
11 error M doc/class/src/Path.js~Path.html
11 error M doc/coverage.json
11 error M doc/dump.json
11 error M doc/file/src/BreadthFirstTree.js.html
11 error M doc/file/src/Edge.js.html
11 error M doc/file/src/Graph.js.html
11 error M doc/file/src/Node.js.html
11 error M doc/file/src/Path.js.html
11 error M doc/file/src/earl.js.html
11 error M doc/identifiers.html
11 error M doc/index.html
11 error M doc/package.json
11 error M doc/script/search_index.js
11 error M doc/source.html
11 error M jspm.config.js
11 error M package.json
11 error M src/Edge.js
11 error M src/Graph.js
11 error M src/Node.js
11 error M src/earl.js
11 error D src/plugins/EdgeHashIndex.js
11 error D src/plugins/HashIndex.js
11 error D src/plugins/NodeHashIndex.js
11 error D src/plugins/plugins.js
11 error D test/breadthFirstTree.js
11 error M test/earl.js
11 error M test/edge.js
11 error M test/graph.js
11 error M test/node.js
11 error M test/path.js
11 error D test/plugins/edgeHashIndex.js
11 error D test/plugins/nodeHashIndex.js
11 error D test/plugins/plugins.js
11 error M test/test.html
12 error If you need help, you may report this error at:
12 error     <https://github.com/npm/npm/issues>
13 verbose exit [ 1, true ]
